07/12/2015 22:03:07 devpinoyLogger Hello
07/12/2015 22:03:08 devpinoyLogger Launching browser
07/12/2015 22:03:35 devpinoyLogger executing search on amazon.co.uk
07/12/2015 22:03:54 devpinoyLogger Closing browser
07/12/2015 22:03:54 devpinoyLogger Launching browser
07/12/2015 22:04:12 devpinoyLogger executing search on amazon.com
07/12/2015 22:04:31 devpinoyLogger Closing browser
07/12/2015 22:04:31 devpinoyLogger Launching browser
07/12/2015 22:05:02 devpinoyLogger executing search on amazon secon edition
07/12/2015 22:05:21 devpinoyLogger Closing browser
07/12/2015 22:05:21 devpinoyLogger Launching browser
07/12/2015 22:05:37 devpinoyLogger executing search on ebay
07/12/2015 22:06:02 devpinoyLogger Closing browser
07/12/2015 22:06:02 devpinoyLogger Launching browser
07/12/2015 22:06:20 devpinoyLogger executing search on packtPub
07/12/2015 22:06:50 devpinoyLogger Closing browser
07/12/2015 22:06:50 devpinoyLogger Launching browser
07/12/2015 22:07:04 devpinoyLogger executing search on oreily.com
07/12/2015 22:07:25 devpinoyLogger Closing browser
07/12/2015 22:07:25 devpinoyLogger executing after class
